<?xml version="1.0" encoding="UTF-8"?>
<!-- Generated by org.testng.reporters.JUnitReportReporter -->
<testsuite hostname="DESKTOP-6J3RIMT" failures="0" tests="6" name="DataBaseTesting.DataBaseTesting.AppTest" time="0.261" errors="0" timestamp="2025-05-24T19:06:03 GMT+03:00" skipped="0">
  <testcase classname="DataBaseTesting.DataBaseTesting.AppTest" name="InsertIntoDatabase" time="0.021"/>
  <testcase classname="DataBaseTesting.DataBaseTesting.AppTest" name="updateDataBase" time="0.002"/>
  <testcase classname="DataBaseTesting.DataBaseTesting.AppTest" name="ReadDataBase" time="0.108"/>
  <testcase classname="DataBaseTesting.DataBaseTesting.AppTest" name="addLastName" time="0.068"/>
  <testcase classname="DataBaseTesting.DataBaseTesting.AppTest" name="addCustomerEmail" time="0.055"/>
  <testcase classname="DataBaseTesting.DataBaseTesting.AppTest" name="deleteCustomer" time="0.007"/>
</testsuite> <!-- DataBaseTesting.DataBaseTesting.AppTest -->
