<?xml version="1.0" encoding="UTF-8"?>
<!-- Generated by org.testng.reporters.JUnitReportReporter -->
<testsuite hostname="DESKTOP-6J3RIMT" failures="0" tests="6" name="DataBaseTesting.DataBaseTesting.AppTest" time="0.228" errors="0" timestamp="2025-05-24T18:45:17 GMT+03:00" skipped="0">
  <testcase classname="DataBaseTesting.DataBaseTesting.AppTest" name="InsertIntoDatabase" time="0.024"/>
  <testcase classname="DataBaseTesting.DataBaseTesting.AppTest" name="updateDataBase" time="0.002"/>
  <testcase classname="DataBaseTesting.DataBaseTesting.AppTest" name="ReadDataBase" time="0.086"/>
  <testcase classname="DataBaseTesting.DataBaseTesting.AppTest" name="addLastName" time="0.050"/>
  <testcase classname="DataBaseTesting.DataBaseTesting.AppTest" name="addCustomerEmail" time="0.056"/>
  <testcase classname="DataBaseTesting.DataBaseTesting.AppTest" name="deleteCustomer" time="0.010"/>
</testsuite> <!-- DataBaseTesting.DataBaseTesting.AppTest -->
