<?xml version="1.0" encoding="UTF-8"?>
<!-- Generated by org.testng.reporters.JUnitReportReporter -->
<testsuite hostname="DESKTOP-6J3RIMT" failures="0" tests="6" name="DataBaseTesting.DataBaseTesting.AppTest" time="0.314" errors="0" timestamp="2025-05-23T01:13:40 GMT+03:00" skipped="0">
  <testcase classname="DataBaseTesting.DataBaseTesting.AppTest" name="InsertIntoDatabase" time="0.025"/>
  <testcase classname="DataBaseTesting.DataBaseTesting.AppTest" name="updateDataBase" time="0.004"/>
  <testcase classname="DataBaseTesting.DataBaseTesting.AppTest" name="ReadDataBase" time="0.142"/>
  <testcase classname="DataBaseTesting.DataBaseTesting.AppTest" name="addLastName" time="0.070"/>
  <testcase classname="DataBaseTesting.DataBaseTesting.AppTest" name="addCustomerEmail" time="0.067"/>
  <testcase classname="DataBaseTesting.DataBaseTesting.AppTest" name="deleteCustomer" time="0.006"/>
</testsuite> <!-- DataBaseTesting.DataBaseTesting.AppTest -->
