<?xml version="1.0" encoding="UTF-8"?>
<!-- Generated by org.testng.reporters.JUnitReportReporter -->
<testsuite hostname="DESKTOP-6J3RIMT" failures="0" tests="5" name="DataBaseTesting.DataBaseTesting.AppTest" time="0.357" errors="0" timestamp="2025-05-14T23:00:25 GMT+03:00" skipped="0">
  <testcase classname="DataBaseTesting.DataBaseTesting.AppTest" name="InsertIntoDatabase" time="0.040"/>
  <testcase classname="DataBaseTesting.DataBaseTesting.AppTest" name="updateDataBase" time="0.003"/>
  <testcase classname="DataBaseTesting.DataBaseTesting.AppTest" name="ReadDataBase" time="0.140"/>
  <testcase classname="DataBaseTesting.DataBaseTesting.AppTest" name="addLastName" time="0.069"/>
  <testcase classname="DataBaseTesting.DataBaseTesting.AppTest" name="addCustomerEmail" time="0.105"/>
</testsuite> <!-- DataBaseTesting.DataBaseTesting.AppTest -->
